Flow report for DE2bot
Sun Apr 20 15:25:25 2014
Quartus II Version 9.1 Build 350 03/24/2010 Service Pack 2 SJ Web Edition


---------------------
; Table of Contents ;
---------------------
  1. Legal Notice
  2. Flow Summary
  3. Flow Settings
  4. Flow Non-Default Global Settings
  5. Flow Elapsed Time
  6. Flow OS Summary
  7. Flow Log



----------------
; Legal Notice ;
----------------
Copyright (C) 1991-2010 Altera Corporation
Your use of Altera Corporation's design tools, logic functions 
and other software and tools, and its AMPP partner logic 
functions, and any output files from any of the foregoing 
(including device programming or simulation files), and any 
associated documentation or information are expressly subject 
to the terms and conditions of the Altera Program License 
Subscription Agreement, Altera MegaCore Function License 
Agreement, or other applicable license agreement, including, 
without limitation, that your use is for the sole purpose of 
programming logic devices manufactured by Altera and sold by 
Altera or its authorized distributors.  Please refer to the 
applicable agreement for further details.



+-----------------------------------------------------------------------------------+
; Flow Summary                                                                      ;
+------------------------------------+----------------------------------------------+
; Flow Status                        ; Successful - Sun Apr 20 15:25:25 2014        ;
; Quartus II Version                 ; 9.1 Build 350 03/24/2010 SP 2 SJ Web Edition ;
; Revision Name                      ; DE2bot                                       ;
; Top-level Entity Name              ; DE2bot                                       ;
; Family                             ; Cyclone II                                   ;
; Device                             ; EP2C35F672C6                                 ;
; Timing Models                      ; Final                                        ;
; Met timing requirements            ; No                                           ;
; Total logic elements               ; 3,236 / 33,216 ( 10 % )                      ;
;     Total combinational functions  ; 2,955 / 33,216 ( 9 % )                       ;
;     Dedicated logic registers      ; 1,499 / 33,216 ( 5 % )                       ;
; Total registers                    ; 1499                                         ;
; Total pins                         ; 157 / 475 ( 33 % )                           ;
; Total virtual pins                 ; 0                                            ;
; Total memory bits                  ; 90,144 / 483,840 ( 19 % )                    ;
; Embedded Multiplier 9-bit elements ; 22 / 70 ( 31 % )                             ;
; Total PLLs                         ; 2 / 4 ( 50 % )                               ;
+------------------------------------+----------------------------------------------+


+-----------------------------------------+
; Flow Settings                           ;
+-------------------+---------------------+
; Option            ; Setting             ;
+-------------------+---------------------+
; Start date & time ; 04/20/2014 15:24:23 ;
; Main task         ; Compilation         ;
; Revision Name     ; DE2bot              ;
+-------------------+---------------------+


+------------------------------------------------------------------------------------------------------------------------------------------------------+
; Flow Non-Default Global Settings                                                                                                                     ;
+------------------------------------+------------------------------------------------------------------+---------------+-------------+----------------+
; Assignment Name                    ; Value                                                            ; Default Value ; Entity Name ; Section Id     ;
+------------------------------------+------------------------------------------------------------------+---------------+-------------+----------------+
; COMPILER_SIGNATURE_ID              ; 246320245367655.139802186221544                                  ; --            ; --          ; --             ;
; ENABLE_CLOCK_LATENCY               ; On                                                               ; Off           ; --          ; --             ;
; IP_TOOL_NAME                       ; ALTPLL                                                           ; --            ; --          ; --             ;
; IP_TOOL_NAME                       ; ALTSYNCRAM                                                       ; --            ; --          ; --             ;
; IP_TOOL_NAME                       ; LPM_ADD_SUB                                                      ; --            ; --          ; --             ;
; IP_TOOL_NAME                       ; LPM_BUSTRI                                                       ; --            ; --          ; --             ;
; IP_TOOL_NAME                       ; LPM_COMPARE                                                      ; --            ; --          ; --             ;
; IP_TOOL_NAME                       ; LPM_COMPARE                                                      ; --            ; --          ; --             ;
; IP_TOOL_NAME                       ; LPM_COMPARE                                                      ; --            ; --          ; --             ;
; IP_TOOL_NAME                       ; LPM_CONSTANT                                                     ; --            ; --          ; --             ;
; IP_TOOL_NAME                       ; LPM_COUNTER                                                      ; --            ; --          ; --             ;
; IP_TOOL_NAME                       ; LPM_COUNTER                                                      ; --            ; --          ; --             ;
; IP_TOOL_NAME                       ; LPM_COUNTER                                                      ; --            ; --          ; --             ;
; IP_TOOL_NAME                       ; LPM_COUNTER                                                      ; --            ; --          ; --             ;
; IP_TOOL_NAME                       ; LPM_FF                                                           ; --            ; --          ; --             ;
; IP_TOOL_NAME                       ; LPM_FF                                                           ; --            ; --          ; --             ;
; IP_TOOL_NAME                       ; LPM_FF                                                           ; --            ; --          ; --             ;
; IP_TOOL_NAME                       ; LPM_MULT                                                         ; --            ; --          ; --             ;
; IP_TOOL_NAME                       ; LPM_MUX                                                          ; --            ; --          ; --             ;
; IP_TOOL_NAME                       ; LPM_SHIFTREG                                                     ; --            ; --          ; --             ;
; IP_TOOL_NAME                       ; LPM_SHIFTREG                                                     ; --            ; --          ; --             ;
; IP_TOOL_NAME                       ; LPM_FF                                                           ; --            ; --          ; --             ;
; IP_TOOL_NAME                       ; LPM_ADD_SUB                                                      ; --            ; --          ; --             ;
; IP_TOOL_NAME                       ; LPM_FF                                                           ; --            ; --          ; --             ;
; IP_TOOL_NAME                       ; ALTPLL                                                           ; --            ; --          ; --             ;
; IP_TOOL_VERSION                    ; 9.1                                                              ; --            ; --          ; --             ;
; IP_TOOL_VERSION                    ; 9.1                                                              ; --            ; --          ; --             ;
; IP_TOOL_VERSION                    ; 9.1                                                              ; --            ; --          ; --             ;
; IP_TOOL_VERSION                    ; 9.1                                                              ; --            ; --          ; --             ;
; IP_TOOL_VERSION                    ; 9.1                                                              ; --            ; --          ; --             ;
; IP_TOOL_VERSION                    ; 9.1                                                              ; --            ; --          ; --             ;
; IP_TOOL_VERSION                    ; 9.1                                                              ; --            ; --          ; --             ;
; IP_TOOL_VERSION                    ; 9.1                                                              ; --            ; --          ; --             ;
; IP_TOOL_VERSION                    ; 9.1                                                              ; --            ; --          ; --             ;
; IP_TOOL_VERSION                    ; 9.1                                                              ; --            ; --          ; --             ;
; IP_TOOL_VERSION                    ; 9.1                                                              ; --            ; --          ; --             ;
; IP_TOOL_VERSION                    ; 9.1                                                              ; --            ; --          ; --             ;
; IP_TOOL_VERSION                    ; 9.1                                                              ; --            ; --          ; --             ;
; IP_TOOL_VERSION                    ; 9.1                                                              ; --            ; --          ; --             ;
; IP_TOOL_VERSION                    ; 9.1                                                              ; --            ; --          ; --             ;
; IP_TOOL_VERSION                    ; 9.1                                                              ; --            ; --          ; --             ;
; IP_TOOL_VERSION                    ; 9.1                                                              ; --            ; --          ; --             ;
; IP_TOOL_VERSION                    ; 9.1                                                              ; --            ; --          ; --             ;
; IP_TOOL_VERSION                    ; 9.1                                                              ; --            ; --          ; --             ;
; IP_TOOL_VERSION                    ; 9.1                                                              ; --            ; --          ; --             ;
; IP_TOOL_VERSION                    ; 9.1                                                              ; --            ; --          ; --             ;
; IP_TOOL_VERSION                    ; 9.1                                                              ; --            ; --          ; --             ;
; IP_TOOL_VERSION                    ; 9.1                                                              ; --            ; --          ; --             ;
; MAX_CORE_JUNCTION_TEMP             ; 85                                                               ; --            ; --          ; --             ;
; MIN_CORE_JUNCTION_TEMP             ; 0                                                                ; --            ; --          ; --             ;
; MISC_FILE                          ; DE2botFall2010.dpf                                               ; --            ; --          ; --             ;
; MISC_FILE                          ; DE2botFall2011.dpf                                               ; --            ; --          ; --             ;
; MISC_FILE                          ; DE2BotSummer2012.dpf                                             ; --            ; --          ; --             ;
; MISC_FILE                          ; C:/Users/kjohnson31/Programming/DE2bot_clean_Spring13/DE2bot.dpf ; --            ; --          ; --             ;
; MISC_FILE                          ; C:/Users/kjohnson31/Programming/DE2bot_Canon/DE2bot.dpf          ; --            ; --          ; --             ;
; MISC_FILE                          ; C:/Users/kjohnson31/Programming/DE2bot_IR/DE2bot.dpf             ; --            ; --          ; --             ;
; MISC_FILE                          ; altpll0.bsf                                                      ; --            ; --          ; --             ;
; MISC_FILE                          ; altpll0.cmp                                                      ; --            ; --          ; --             ;
; MISC_FILE                          ; altpll0.ppf                                                      ; --            ; --          ; --             ;
; MISC_FILE                          ; altsyncram_db0.bsf                                               ; --            ; --          ; --             ;
; MISC_FILE                          ; altsyncram_db0.cmp                                               ; --            ; --          ; --             ;
; MISC_FILE                          ; lpm_add_sub_oe0.bsf                                              ; --            ; --          ; --             ;
; MISC_FILE                          ; lpm_add_sub_oe0.cmp                                              ; --            ; --          ; --             ;
; MISC_FILE                          ; lpm_bustri_oe0.bsf                                               ; --            ; --          ; --             ;
; MISC_FILE                          ; lpm_bustri_oe0.cmp                                               ; --            ; --          ; --             ;
; MISC_FILE                          ; lpm_compare_ir0.bsf                                              ; --            ; --          ; --             ;
; MISC_FILE                          ; lpm_compare_ir0.cmp                                              ; --            ; --          ; --             ;
; MISC_FILE                          ; lpm_compare_ir1.bsf                                              ; --            ; --          ; --             ;
; MISC_FILE                          ; lpm_compare_ir1.cmp                                              ; --            ; --          ; --             ;
; MISC_FILE                          ; lpm_compare_ir2.bsf                                              ; --            ; --          ; --             ;
; MISC_FILE                          ; lpm_compare_ir2.cmp                                              ; --            ; --          ; --             ;
; MISC_FILE                          ; lpm_constant_oe0.bsf                                             ; --            ; --          ; --             ;
; MISC_FILE                          ; lpm_constant_oe0.cmp                                             ; --            ; --          ; --             ;
; MISC_FILE                          ; lpm_counter_db0.bsf                                              ; --            ; --          ; --             ;
; MISC_FILE                          ; lpm_counter_db0.cmp                                              ; --            ; --          ; --             ;
; MISC_FILE                          ; lpm_counter_ir0.bsf                                              ; --            ; --          ; --             ;
; MISC_FILE                          ; lpm_counter_ir0.cmp                                              ; --            ; --          ; --             ;
; MISC_FILE                          ; lpm_counter_ir1.bsf                                              ; --            ; --          ; --             ;
; MISC_FILE                          ; lpm_counter_ir1.cmp                                              ; --            ; --          ; --             ;
; MISC_FILE                          ; lpm_counter_oe0.bsf                                              ; --            ; --          ; --             ;
; MISC_FILE                          ; lpm_counter_oe0.cmp                                              ; --            ; --          ; --             ;
; MISC_FILE                          ; lpm_dff_i2c0.bsf                                                 ; --            ; --          ; --             ;
; MISC_FILE                          ; lpm_dff_i2c0.cmp                                                 ; --            ; --          ; --             ;
; MISC_FILE                          ; lpm_dff_i2c1.bsf                                                 ; --            ; --          ; --             ;
; MISC_FILE                          ; lpm_dff_i2c1.cmp                                                 ; --            ; --          ; --             ;
; MISC_FILE                          ; lpm_dff_oe0.bsf                                                  ; --            ; --          ; --             ;
; MISC_FILE                          ; lpm_dff_oe0.cmp                                                  ; --            ; --          ; --             ;
; MISC_FILE                          ; lpm_mult_oe0.bsf                                                 ; --            ; --          ; --             ;
; MISC_FILE                          ; lpm_mult_oe0.cmp                                                 ; --            ; --          ; --             ;
; MISC_FILE                          ; lpm_mux_i2c0.bsf                                                 ; --            ; --          ; --             ;
; MISC_FILE                          ; lpm_mux_i2c0.cmp                                                 ; --            ; --          ; --             ;
; MISC_FILE                          ; lpm_shiftreg_db0.bsf                                             ; --            ; --          ; --             ;
; MISC_FILE                          ; lpm_shiftreg_db0.cmp                                             ; --            ; --          ; --             ;
; MISC_FILE                          ; lpm_shiftreg_i2c0.bsf                                            ; --            ; --          ; --             ;
; MISC_FILE                          ; lpm_shiftreg_i2c0.cmp                                            ; --            ; --          ; --             ;
; MISC_FILE                          ; lpm_dff_db0.bsf                                                  ; --            ; --          ; --             ;
; MISC_FILE                          ; lpm_dff_db0.cmp                                                  ; --            ; --          ; --             ;
; MISC_FILE                          ; lpm_add_sub_db0.bsf                                              ; --            ; --          ; --             ;
; MISC_FILE                          ; lpm_add_sub_db0.cmp                                              ; --            ; --          ; --             ;
; MISC_FILE                          ; lpm_dff_db1.bsf                                                  ; --            ; --          ; --             ;
; MISC_FILE                          ; lpm_dff_db1.cmp                                                  ; --            ; --          ; --             ;
; MISC_FILE                          ; altpll1.bsf                                                      ; --            ; --          ; --             ;
; MISC_FILE                          ; altpll1.cmp                                                      ; --            ; --          ; --             ;
; MISC_FILE                          ; altpll1.ppf                                                      ; --            ; --          ; --             ;
; MISC_FILE                          ; C:/Users/kjohnson31/Programming/DE2bot_PreCanon/DE2bot.dpf       ; --            ; --          ; --             ;
; PARTITION_COLOR                    ; 16764057                                                         ; --            ; --          ; Top            ;
; PARTITION_NETLIST_TYPE             ; SOURCE                                                           ; --            ; --          ; Top            ;
; SMART_RECOMPILE                    ; On                                                               ; Off           ; --          ; --             ;
; USE_GENERATED_PHYSICAL_CONSTRAINTS ; Off                                                              ; --            ; --          ; eda_blast_fpga ;
+------------------------------------+------------------------------------------------------------------+---------------+-------------+----------------+


+-----------------------------------------------------------------------------------------------------------------------------+
; Flow Elapsed Time                                                                                                           ;
+-------------------------+--------------+-------------------------+---------------------+------------------------------------+
; Module Name             ; Elapsed Time ; Average Processors Used ; Peak Virtual Memory ; Total CPU Time (on all processors) ;
+-------------------------+--------------+-------------------------+---------------------+------------------------------------+
; Analysis & Synthesis    ; 00:00:24     ; 1.0                     ; 268 MB              ; 00:00:21                           ;
; Fitter                  ; 00:00:29     ; 1.0                     ; 280 MB              ; 00:00:28                           ;
; Assembler               ; 00:00:02     ; 1.0                     ; 259 MB              ; 00:00:03                           ;
; Classic Timing Analyzer ; 00:00:02     ; 1.0                     ; 184 MB              ; 00:00:03                           ;
; Total                   ; 00:00:57     ; --                      ; --                  ; 00:00:55                           ;
+-------------------------+--------------+-------------------------+---------------------+------------------------------------+


+------------------------------------------------------------------------------------------+
; Flow OS Summary                                                                          ;
+-------------------------+------------------+---------------+------------+----------------+
; Module Name             ; Machine Hostname ; OS Name       ; OS Version ; Processor type ;
+-------------------------+------------------+---------------+------------+----------------+
; Analysis & Synthesis    ; Nash-THINK       ; Windows Vista ; 6.1        ; x86_64         ;
; Fitter                  ; Nash-THINK       ; Windows Vista ; 6.1        ; x86_64         ;
; Assembler               ; Nash-THINK       ; Windows Vista ; 6.1        ; x86_64         ;
; Classic Timing Analyzer ; Nash-THINK       ; Windows Vista ; 6.1        ; x86_64         ;
+-------------------------+------------------+---------------+------------+----------------+


------------
; Flow Log ;
------------
quartus_map --read_settings_files=on --write_settings_files=off DE2bot -c DE2bot
quartus_fit --read_settings_files=off --write_settings_files=off DE2bot -c DE2bot
quartus_asm --read_settings_files=off --write_settings_files=off DE2bot -c DE2bot
quartus_tan --read_settings_files=off --write_settings_files=off DE2bot -c DE2bot --timing_analysis_only



