MIF/HEX Update report for DE2bot
Thu Apr 17 19:09:16 2014
Quartus II Version 9.1 Build 350 03/24/2010 Service Pack 2 SJ Full Version


---------------------
; Table of Contents ;
---------------------
  1. Legal Notice
  2. MIF/HEX Update Summary
  3. MIF/HEX Update Processed Files
  4. MIF/HEX Update Messages



----------------
; Legal Notice ;
----------------
Copyright (C) 1991-2010 Altera Corporation
Your use of Altera Corporation's design tools, logic functions 
and other software and tools, and its AMPP partner logic 
functions, and any output files from any of the foregoing 
(including device programming or simulation files), and any 
associated documentation or information are expressly subject 
to the terms and conditions of the Altera Program License 
Subscription Agreement, Altera MegaCore Function License 
Agreement, or other applicable license agreement, including, 
without limitation, that your use is for the sole purpose of 
programming logic devices manufactured by Altera and sold by 
Altera or its authorized distributors.  Please refer to the 
applicable agreement for further details.



+---------------------------------------------------------------+
; MIF/HEX Update Summary                                        ;
+-----------------------+---------------------------------------+
; MIF/HEX Update Status ; Successful - Thu Apr 17 19:09:16 2014 ;
; Revision Name         ; DE2bot                                ;
; Top-level Entity Name ; DE2bot                                ;
; Family                ; Cyclone II                            ;
; Device                ; EP2C35F672C6                          ;
+-----------------------+---------------------------------------+


+------------------------------------+
; MIF/HEX Update Processed Files     ;
+------------------------------------+
; File Name                          ;
+------------------------------------+
; C:/Project 4-17-2014/COS_table.mif ;
; C:/Project 4-17-2014/FinalCode.mif ;
; C:/Project 4-17-2014/SIN_table.mif ;
; C:/Project 4-17-2014/SOUND.mif     ;
+------------------------------------+


+-------------------------+
; MIF/HEX Update Messages ;
+-------------------------+
Info: *******************************************************************
Info: Running Quartus II MIF/HEX Update
    Info: Version 9.1 Build 350 03/24/2010 Service Pack 2 SJ Full Version
    Info: Processing started: Thu Apr 17 19:09:15 2014
Info: Command: quartus_cdb DE2bot -c DE2bot --update_mif
Warning: 445 out of 1024 addresses are reinitialized. The latest initialized data will replace the existing data. There are 445 warnings found, and 10 warnings are reported.
    Warning: Memory Initialization File address 0 is reinitialized
    Warning: Memory Initialization File address 1 is reinitialized
    Warning: Memory Initialization File address 2 is reinitialized
    Warning: Memory Initialization File address 3 is reinitialized
    Warning: Memory Initialization File address 4 is reinitialized
    Warning: Memory Initialization File address 5 is reinitialized
    Warning: Memory Initialization File address 6 is reinitialized
    Warning: Memory Initialization File address 7 is reinitialized
    Warning: Memory Initialization File address 8 is reinitialized
    Warning: Memory Initialization File address 9 is reinitialized
Info: Processed the following Memory Initialization File(s)
    Info: Processed Memory Initialization File C:/Project 4-17-2014/COS_table.mif
    Info: Processed Memory Initialization File C:/Project 4-17-2014/FinalCode.mif
    Info: Processed Memory Initialization File C:/Project 4-17-2014/SIN_table.mif
    Info: Processed Memory Initialization File C:/Project 4-17-2014/SOUND.mif
Info: Quartus II MIF/HEX Update was successful. 0 errors, 11 warnings
    Info: Peak virtual memory: 223 megabytes
    Info: Processing ended: Thu Apr 17 19:09:16 2014
    Info: Elapsed time: 00:00:01
    Info: Total CPU time (on all processors): 00:00:01


